-------------------------------------------------------------------------------
Test set: com.incidentflow.incidentflow.incident.service.src.test.java.com.incidentflow.incidentflow.incident.service.IncidentServiceTest
-------------------------------------------------------------------------------
Tests run: 2, Failures: 0, Errors: 0, Skipped: 0, Time elapsed: 1.490 s -- in com.incidentflow.incidentflow.incident.service.src.test.java.com.incidentflow.incidentflow.incident.service.IncidentServiceTest
